2019/03/05 09:40:26 pre processing contracts/token/PropsToken.sol
2019/03/05 09:40:26 pre processing contracts/token/zos-lib/contracts/Initializable.sol
2019/03/05 09:40:26 pre processing contracts/token/openzeppelin-eth/contracts/token/ERC20/ERC20Detailed.sol
2019/03/05 09:40:26 pre processing contracts/token/PropsTimeBasedTransfers.sol
2019/03/05 09:40:26 pre processing contracts/token/ERC865Token.sol
2019/03/05 09:40:26 pre processing contracts/token/IERC865.sol
2019/03/05 09:40:26 pre processing contracts/token/openzeppelin-eth/contracts/token/ERC20/IERC20.sol
2019/03/05 09:40:26 pre processing contracts/token/openzeppelin-eth/contracts/token/ERC20/ERC20.sol
2019/03/05 09:40:26 pre processing contracts/token/{ ECDSA } from openzeppelin-eth/contracts/cryptography/ECDSA.sol
2019/03/05 09:40:26 pre processing contracts/token/openzeppelin-eth/contracts/math/SafeMath.sol
2019/03/05 09:40:26 pre processing contracts/token/{ ECDSA } from openzeppelin-eth/contracts/cryptography/ECDSA.sol
2019/03/05 09:40:26 PropsToken.sol remains unresolved
2019/03/05 09:40:26 Resolved  IERC20.sol
2019/03/05 09:40:26 ERC20.sol remains unresolved
2019/03/05 09:40:26 Resolved  ECDSA.sol
2019/03/05 09:40:26 IERC865.sol remains unresolved
2019/03/05 09:40:26 Resolved  Initializable.sol
2019/03/05 09:40:26 ERC20Detailed.sol remains unresolved
2019/03/05 09:40:26 PropsTimeBasedTransfers.sol remains unresolved
2019/03/05 09:40:26 ERC865Token.sol remains unresolved
2019/03/05 09:40:26 Resolved  SafeMath.sol
2019/03/05 09:40:26 IERC865.sol remains unresolved
2019/03/05 09:40:26 Written Initializable.sol (43) lines
2019/03/05 09:40:26 ERC20Detailed.sol remains unresolved
2019/03/05 09:40:26 PropsTimeBasedTransfers.sol remains unresolved
2019/03/05 09:40:26 PropsToken.sol remains unresolved
2019/03/05 09:40:26 Written IERC20.sol (29) lines
2019/03/05 09:40:26 ERC20.sol remains unresolved
2019/03/05 09:40:26 Written ECDSA.sol (0) lines
2019/03/05 09:40:26 ERC865Token.sol remains unresolved
2019/03/05 09:40:26 Written SafeMath.sol (60) lines
2019/03/05 09:40:26 ERC865Token.sol remains unresolved
2019/03/05 09:40:26 Resolved  ERC20.sol
2019/03/05 09:40:26 IERC865.sol remains unresolved
2019/03/05 09:40:26 Resolved  ERC20Detailed.sol
2019/03/05 09:40:26 PropsTimeBasedTransfers.sol remains unresolved
2019/03/05 09:40:26 PropsToken.sol remains unresolved
2019/03/05 09:40:26 Written ERC20Detailed.sol (35) lines
2019/03/05 09:40:26 PropsTimeBasedTransfers.sol remains unresolved
2019/03/05 09:40:26 PropsToken.sol remains unresolved
2019/03/05 09:40:26 Written ERC20.sol (197) lines
2019/03/05 09:40:26 Resolved  IERC865.sol
2019/03/05 09:40:26 ERC865Token.sol remains unresolved
2019/03/05 09:40:26 Written IERC865.sol (56) lines
2019/03/05 09:40:26 Resolved  PropsTimeBasedTransfers.sol
2019/03/05 09:40:26 PropsToken.sol remains unresolved
2019/03/05 09:40:26 Resolved  ERC865Token.sol
2019/03/05 09:40:26 Written ERC865Token.sol (302) lines
2019/03/05 09:40:26 Written PropsTimeBasedTransfers.sol (62) lines
2019/03/05 09:40:26 Resolved  PropsToken.sol
2019/03/05 09:40:26 Written PropsToken.sol (24) lines
